<?xml version="1.0" encoding="utf-8"?><testsuites><testsuite name="pytest" errors="0" failures="0" skipped="0" tests="2" time="12.888" timestamp="2021-07-16T12:05:10.826728" hostname="DESKTOP-85SU4SE"><testcase classname="test_dir.test_baidu.TestSearch" name="test_baidu_search_case" time="5.507" /><testcase classname="test_dir.test_baidu.TestSearchSettings" name="test_baidu_search_setting" time="7.321" /></testsuite></testsuites>