<?xml version="1.0" encoding="utf-8"?><testsuites><testsuite name="pytest" errors="0" failures="0" skipped="0" tests="2" time="13.001" timestamp="2021-07-16T11:32:55.454855" hostname="DESKTOP-85SU4SE"><testcase classname="test_dir.test_baidu.TestSearch" name="test_baidu_search_case" time="5.565" /><testcase classname="test_dir.test_baidu.TestSearchSettings" name="test_baidu_search_setting" time="7.362" /></testsuite></testsuites>